0 info it worked if it ends with ok
1 verbose cli [ '/usr/local/Cellar/node/0.10.24/bin/node',
1 verbose cli   '/usr/local/bin/npm',
1 verbose cli   'install' ]
2 info using npm@1.3.21
3 info using node@v0.10.24
4 verbose readDependencies using package.json deps
5 verbose install where, deps [ '/Users/julianbauer/Desktop/HTDOCS/sub2home/client/mobile',
5 verbose install   [ 'karma',
5 verbose install     'karma-jasmine',
5 verbose install     'karma-browserify',
5 verbose install     'protractor',
5 verbose install     'gulp',
5 verbose install     'gulp-jshint',
5 verbose install     'gulp-less',
5 verbose install     'gulp-usemin',
5 verbose install     'gulp-uglify',
5 verbose install     'gulp-minify-css',
5 verbose install     'gulp-rimraf',
5 verbose install     'gulp-angular-templatecache',
5 verbose install     'gulp-concat',
5 verbose install     'gulp-htmlmin',
5 verbose install     'gulp-watch',
5 verbose install     'gulp-connect',
5 verbose install     'browserify',
5 verbose install     'es6ify',
5 verbose install     'napa',
5 verbose install     'vinyl-source-stream',
5 verbose install     'lodash' ] ]
6 info preinstall mobile@0.1.0
7 verbose readDependencies using package.json deps
8 verbose already installed skipping gulp-minify-css@~0.3.0 /Users/julianbauer/Desktop/HTDOCS/sub2home/client/mobile
9 verbose already installed skipping gulp-rimraf@0.0.9 /Users/julianbauer/Desktop/HTDOCS/sub2home/client/mobile
10 verbose already installed skipping gulp-angular-templatecache@~1.0.3 /Users/julianbauer/Desktop/HTDOCS/sub2home/client/mobile
11 verbose already installed skipping gulp-concat@~2.1.7 /Users/julianbauer/Desktop/HTDOCS/sub2home/client/mobile
12 verbose already installed skipping gulp-htmlmin@~0.1.2 /Users/julianbauer/Desktop/HTDOCS/sub2home/client/mobile
13 verbose already installed skipping gulp-watch@~0.5.0 /Users/julianbauer/Desktop/HTDOCS/sub2home/client/mobile
14 verbose already installed skipping browserify@^3.41.0 /Users/julianbauer/Desktop/HTDOCS/sub2home/client/mobile
15 verbose already installed skipping gulp-connect@~2.0.4 /Users/julianbauer/Desktop/HTDOCS/sub2home/client/mobile
16 verbose already installed skipping es6ify@^1.1.0 /Users/julianbauer/Desktop/HTDOCS/sub2home/client/mobile
17 verbose already installed skipping napa@^0.4.1 /Users/julianbauer/Desktop/HTDOCS/sub2home/client/mobile
18 verbose already installed skipping vinyl-source-stream@^0.1.1 /Users/julianbauer/Desktop/HTDOCS/sub2home/client/mobile
19 verbose cache add [ 'lodash@^2.4.1', null ]
20 verbose cache add name=undefined spec="lodash@^2.4.1" args=["lodash@^2.4.1",null]
21 verbose parsed url { protocol: null,
21 verbose parsed url   slashes: null,
21 verbose parsed url   auth: null,
21 verbose parsed url   host: null,
21 verbose parsed url   port: null,
21 verbose parsed url   hostname: null,
21 verbose parsed url   hash: null,
21 verbose parsed url   search: null,
21 verbose parsed url   query: null,
21 verbose parsed url   pathname: 'lodash@^2.4.1',
21 verbose parsed url   path: 'lodash@^2.4.1',
21 verbose parsed url   href: 'lodash@^2.4.1' }
22 verbose cache add name="lodash" spec="^2.4.1" args=["lodash","^2.4.1"]
23 verbose parsed url { protocol: null,
23 verbose parsed url   slashes: null,
23 verbose parsed url   auth: null,
23 verbose parsed url   host: null,
23 verbose parsed url   port: null,
23 verbose parsed url   hostname: null,
23 verbose parsed url   hash: null,
23 verbose parsed url   search: null,
23 verbose parsed url   query: null,
23 verbose parsed url   pathname: '^2.4.1',
23 verbose parsed url   path: '^2.4.1',
23 verbose parsed url   href: '^2.4.1' }
24 verbose addNamed [ 'lodash', '^2.4.1' ]
25 verbose addNamed [ null, '>=2.4.1-0 <3.0.0-0' ]
26 silly lockFile 59759450-lodash-2-4-1 lodash@^2.4.1
27 verbose lock lodash@^2.4.1 /Users/julianbauer/.npm/59759450-lodash-2-4-1.lock
28 silly addNameRange { name: 'lodash', range: '>=2.4.1-0 <3.0.0-0', hasData: false }
29 verbose url raw lodash
30 verbose url resolving [ 'https://registry.npmjs.org/', './lodash' ]
31 verbose url resolved https://registry.npmjs.org/lodash
32 info trying registry request attempt 1 at 22:09:57
33 verbose etag "8T7X4YV8W0P1SFER9A2HNX51O"
34 http GET https://registry.npmjs.org/lodash
35 verbose already installed skipping karma-browserify@^0.2.0 /Users/julianbauer/Desktop/HTDOCS/sub2home/client/mobile
36 verbose already installed skipping karma@~0.12.0 /Users/julianbauer/Desktop/HTDOCS/sub2home/client/mobile
37 verbose already installed skipping karma-jasmine@~0.2.0 /Users/julianbauer/Desktop/HTDOCS/sub2home/client/mobile
38 verbose already installed skipping protractor@~0.17.0 /Users/julianbauer/Desktop/HTDOCS/sub2home/client/mobile
39 verbose already installed skipping gulp@~3.5.0 /Users/julianbauer/Desktop/HTDOCS/sub2home/client/mobile
40 verbose already installed skipping gulp-jshint@~1.3.4 /Users/julianbauer/Desktop/HTDOCS/sub2home/client/mobile
41 verbose already installed skipping gulp-less@~1.2.1 /Users/julianbauer/Desktop/HTDOCS/sub2home/client/mobile
42 verbose already installed skipping gulp-usemin@~0.2.1 /Users/julianbauer/Desktop/HTDOCS/sub2home/client/mobile
43 verbose already installed skipping gulp-uglify@~0.2.0 /Users/julianbauer/Desktop/HTDOCS/sub2home/client/mobile
44 http 200 https://registry.npmjs.org/lodash
45 silly registry.get cb [ 200,
45 silly registry.get   { date: 'Mon, 21 Apr 2014 20:10:01 GMT',
45 silly registry.get     server: 'CouchDB/1.5.0 (Erlang OTP/R14B04)',
45 silly registry.get     etag: '"F0V06ZO1JGEMKXPTGC6Q9MJC6"',
45 silly registry.get     'content-type': 'application/json',
45 silly registry.get     via: '1.1 varnish',
45 silly registry.get     'cache-control': 'max-age=1',
45 silly registry.get     'content-length': '70929',
45 silly registry.get     'accept-ranges': 'bytes',
45 silly registry.get     age: '14',
45 silly registry.get     'x-served-by': 'cache-v37-ASH, cache-fra1231-FRA',
45 silly registry.get     'x-cache': 'HIT, HIT',
45 silly registry.get     'x-cache-hits': '2, 1',
45 silly registry.get     'x-timer': 'S1398107963.798080444,VS0,VS46,VE46,VE3037585',
45 silly registry.get     vary: 'Accept',
45 silly registry.get     'keep-alive': 'timeout=10, max=50',
45 silly registry.get     connection: 'Keep-Alive' } ]
46 silly addNameRange number 2 { name: 'lodash', range: '>=2.4.1-0 <3.0.0-0', hasData: true }
47 silly addNameRange versions [ 'lodash',
47 silly addNameRange   [ '0.1.0',
47 silly addNameRange     '0.2.0',
47 silly addNameRange     '0.2.1',
47 silly addNameRange     '0.2.2',
47 silly addNameRange     '0.3.0',
47 silly addNameRange     '0.3.1',
47 silly addNameRange     '0.3.2',
47 silly addNameRange     '0.4.0',
47 silly addNameRange     '0.4.1',
47 silly addNameRange     '0.4.2',
47 silly addNameRange     '0.5.0-rc.1',
47 silly addNameRange     '0.5.0',
47 silly addNameRange     '0.5.1',
47 silly addNameRange     '0.5.2',
47 silly addNameRange     '0.6.0',
47 silly addNameRange     '0.6.1',
47 silly addNameRange     '0.7.0',
47 silly addNameRange     '0.8.0',
47 silly addNameRange     '0.8.1',
47 silly addNameRange     '0.8.2',
47 silly addNameRange     '0.9.0',
47 silly addNameRange     '0.9.1',
47 silly addNameRange     '0.9.2',
47 silly addNameRange     '0.10.0',
47 silly addNameRange     '1.0.0-rc.1',
47 silly addNameRange     '1.0.0-rc.2',
47 silly addNameRange     '1.0.0-rc.3',
47 silly addNameRange     '1.0.0',
47 silly addNameRange     '1.0.1',
47 silly addNameRange     '1.1.0',
47 silly addNameRange     '1.1.1',
47 silly addNameRange     '1.2.0',
47 silly addNameRange     '1.2.1',
47 silly addNameRange     '1.3.0',
47 silly addNameRange     '1.3.1',
47 silly addNameRange     '2.0.0',
47 silly addNameRange     '2.1.0',
47 silly addNameRange     '2.2.0',
47 silly addNameRange     '2.2.1',
47 silly addNameRange     '2.3.0',
47 silly addNameRange     '2.4.0',
47 silly addNameRange     '2.4.1' ] ]
48 verbose addNamed [ 'lodash', '2.4.1' ]
49 verbose addNamed [ '2.4.1', '2.4.1' ]
50 silly lockFile 8502be2a-lodash-2-4-1 lodash@2.4.1
51 verbose lock lodash@2.4.1 /Users/julianbauer/.npm/8502be2a-lodash-2-4-1.lock
52 silly lockFile 8502be2a-lodash-2-4-1 lodash@2.4.1
53 silly lockFile 8502be2a-lodash-2-4-1 lodash@2.4.1
54 silly lockFile 59759450-lodash-2-4-1 lodash@^2.4.1
55 silly lockFile 59759450-lodash-2-4-1 lodash@^2.4.1
56 silly resolved [ { name: 'lodash',
56 silly resolved     version: '2.4.1',
56 silly resolved     description: 'A utility library delivering consistency, customization, performance, & extras.',
56 silly resolved     homepage: 'http://lodash.com/',
56 silly resolved     license: 'MIT',
56 silly resolved     main: 'dist/lodash.js',
56 silly resolved     keywords:
56 silly resolved      [ 'amd',
56 silly resolved        'browser',
56 silly resolved        'client',
56 silly resolved        'customize',
56 silly resolved        'functional',
56 silly resolved        'server',
56 silly resolved        'util' ],
56 silly resolved     author:
56 silly resolved      { name: 'John-David Dalton',
56 silly resolved        email: 'john.david.dalton@gmail.com',
56 silly resolved        url: 'http://allyoucanleet.com/' },
56 silly resolved     contributors: [ [Object], [Object], [Object], [Object] ],
56 silly resolved     bugs: { url: 'https://github.com/lodash/lodash/issues' },
56 silly resolved     repository: { type: 'git', url: 'https://github.com/lodash/lodash.git' },
56 silly resolved     engines: [ 'node', 'rhino' ],
56 silly resolved     files:
56 silly resolved      [ 'LICENSE.txt',
56 silly resolved        'lodash.js',
56 silly resolved        'dist/lodash.js',
56 silly resolved        'dist/lodash.min.js',
56 silly resolved        'dist/lodash.compat.js',
56 silly resolved        'dist/lodash.compat.min.js',
56 silly resolved        'dist/lodash.underscore.js',
56 silly resolved        'dist/lodash.underscore.min.js' ],
56 silly resolved     jam: { main: 'dist/lodash.compat.js', include: [Object] },
56 silly resolved     volo: { type: 'directory', ignore: [Object] },
56 silly resolved     readme: '# Lo-Dash v2.4.1\nA utility library delivering consistency, [customization](http://lodash.com/custom-builds), [performance](http://lodash.com/benchmarks), & [extras](http://lodash.com/#features).\n\n## Download\n\nCheck out our [wiki]([https://github.com/lodash/lodash/wiki/build-differences]) for details over the differences between builds.\n\n* Modern builds perfect for newer browsers/environments:<br>\n[Development](https://raw.github.com/lodash/lodash/2.4.1/dist/lodash.js) &\n[Production](https://raw.github.com/lodash/lodash/2.4.1/dist/lodash.min.js)\n\n* Compatibility builds for older environment support too:<br>\n[Development](https://raw.github.com/lodash/lodash/2.4.1/dist/lodash.compat.js) &\n[Production](https://raw.github.com/lodash/lodash/2.4.1/dist/lodash.compat.min.js)\n\n* Underscore builds to use as a drop-in replacement:<br>\n[Development](https://raw.github.com/lodash/lodash/2.4.1/dist/lodash.underscore.js) &\n[Production](https://raw.github.com/lodash/lodash/2.4.1/dist/lodash.underscore.min.js)\n\nCDN copies are available on [cdnjs](http://cdnjs.com/libraries/lodash.js/) & [jsDelivr](http://www.jsdelivr.com/#!lodash). For smaller file sizes, create [custom builds](http://lodash.com/custom-builds) with only the features needed.\n\nLove modules? We’ve got you covered with [lodash-amd](https://npmjs.org/package/lodash-amd), [lodash-es6](https://github.com/lodash/lodash-es6), [lodash-node](https://npmjs.org/package/lodash-node), & [npm packages](https://npmjs.org/browse/keyword/lodash-modularized) per method.\n\n## Dive in\n\nThere’s plenty of **[documentation](http://lodash.com/docs)**, [unit tests](http://lodash.com/tests), & [benchmarks](http://lodash.com/benchmarks).<br>\nCheck out <a href="http://devdocs.io/lodash/">DevDocs</a> as a fast, organized, & searchable interface for our documentation.\n\nThe full changelog for this release is available on our [wiki](https://github.com/lodash/lodash/wiki/Changelog).<br>\nA list of upcoming features is available on our [roadmap](https://github.com/lodash/lodash/wiki/Roadmap).\n\n## Features *not* in Underscore\n\n * AMD loader support ([curl](https://github.com/cujojs/curl), [dojo](http://dojotoolkit.org/), [requirejs](http://requirejs.org/), etc.)\n * [_(…)](http://lodash.com/docs#_) supports intuitive chaining\n * [_.at](http://lodash.com/docs#at) for cherry-picking collection values\n * [_.bindKey](http://lodash.com/docs#bindKey) for binding [*“lazy”*](http://michaux.ca/articles/lazy-function-definition-pattern) defined methods\n * [_.clone](http://lodash.com/docs#clone) supports shallow cloning of `Date` & `RegExp` objects\n * [_.cloneDeep](http://lodash.com/docs#cloneDeep) for deep cloning arrays & objects\n * [_.constant](http://lodash.com/docs#constant) & [_.property](http://lodash.com/docs#property) function generators for composing functions\n * [_.contains](http://lodash.com/docs#contains) accepts a `fromIndex`\n * [_.create](http://lodash.com/docs#create) for easier object inheritance\n * [_.createCallback](http://lodash.com/docs#createCallback) for extending callbacks in methods & mixins\n * [_.curry](http://lodash.com/docs#curry) for creating [curried](http://hughfdjackson.com/javascript/2013/07/06/why-curry-helps/) functions\n * [_.debounce](http://lodash.com/docs#debounce) & [_.throttle](http://lodash.com/docs#throttle) accept additional `options` for more control\n * [_.findIndex](http://lodash.com/docs#findIndex) & [_.findKey](http://lodash.com/docs#findKey) for finding indexes & keys\n * [_.forEach](http://lodash.com/docs#forEach) is chainable & supports exiting early\n * [_.forIn](http://lodash.com/docs#forIn) for iterating own & inherited properties\n * [_.forOwn](http://lodash.com/docs#forOwn) for iterating own properties\n * [_.isPlainObject](http://lodash.com/docs#isPlainObject) for checking if values are created by `Object`\n * [_.mapValues](http://lodash.com/docs#mapValues) for [mapping](http://lodash.com/docs#map) values to an object\n * [_.memoize](http://lodash.com/docs#memoize) exposes the `cache` of memoized functions\n * [_.merge](http://lodash.com/docs#merge) for a deep [_.extend](http://lodash.com/docs#extend)\n * [_.noop](http://lodash.com/docs#noop) for function placeholders\n * [_.now](http://lodash.com/docs#now) as a cross-browser `Date.now` alternative\n * [_.parseInt](http://lodash.com/docs#parseInt) for consistent behavior\n * [_.pull](http://lodash.com/docs#pull) & [_.remove](http://lodash.com/docs#remove) for mutating arrays\n * [_.random](http://lodash.com/docs#random) supports returning floating-point numbers\n * [_.runInContext](http://lodash.com/docs#runInContext) for easier mocking\n * [_.sortBy](http://lodash.com/docs#sortBy) supports sorting by multiple properties\n * [_.support](http://lodash.com/docs#support) for flagging environment features\n * [_.template](http://lodash.com/docs#template) supports [*“imports”*](http://lodash.com/docs#templateSettings_imports) options & [ES6 template delimiters](http://people.mozilla.org/~jorendorff/es6-draft.html#sec-literals-string-literals)\n * [_.transform](http://lodash.com/docs#transform) as a powerful alternative to [_.reduce](http://lodash.com/docs#reduce) for transforming objects\n * [_.where](http://lodash.com/docs#where) supports deep object comparisons\n * [_.xor](http://lodash.com/docs#xor) as a companion to [_.difference](http://lodash.com/docs#difference), [_.intersection](http://lodash.com/docs#intersection), & [_.union](http://lodash.com/docs#union)\n * [_.zip](http://lodash.com/docs#zip) is capable of unzipping values\n * [_.omit](http://lodash.com/docs#omit), [_.pick](http://lodash.com/docs#pick), &\n   [more](http://lodash.com/docs "_.assign, _.clone, _.cloneDeep, _.first, _.initial, _.isEqual, _.last, _.merge, _.rest") accept callbacks\n * [_.contains](http://lodash.com/docs#contains), [_.toArray](http://lodash.com/docs#toArray), &\n   [more](http://lodash.com/docs "_.at, _.countBy, _.every, _.filter, _.find, _.forEach, _.forEachRight, _.groupBy, _.invoke, _.map, _.max, _.min, _.pluck, _.reduce, _.reduceRight, _.reject, _.shuffle, _.size, _.some, _.sortBy, _.where") accept strings\n * [_.filter](http://lodash.com/docs#filter), [_.map](http://lodash.com/docs#map), &\n   [more](http://lodash.com/docs "_.countBy, _.every, _.find, _.findKey, _.findLast, _.findLastIndex, _.findLastKey, _.first, _.groupBy, _.initial, _.last, _.max, _.min, _.reject, _.rest, _.some, _.sortBy, _.sortedIndex, _.uniq") support *“_.pluck”* & *“_.where”* shorthands\n * [_.findLast](http://lodash.com/docs#findLast), [_.findLastIndex](http://lodash.com/docs#findLastIndex), &\n   [more](http://lodash.com/docs "_.findLastKey, _.forEachRight, _.forInRight, _.forOwnRight, _.partialRight") right-associative methods\n\n## Resources\n\n * Podcasts\n  - [JavaScript Jabber](http://javascriptjabber.com/079-jsj-lo-dash-with-john-david-dalton/)\n\n * Posts\n  - [Say “Hello” to Lo-Dash](http://kitcambridge.be/blog/say-hello-to-lo-dash/)\n  - [Custom builds in Lo-Dash 2.0](http://kitcambridge.be/blog/custom-builds-in-lo-dash-2-dot-0/)\n\n * Videos\n  - [Introduction](https://vimeo.com/44154599)\n  - [Origins](https://vimeo.com/44154600)\n  - [Optimizations & builds](https://vimeo.com/44154601)\n  - [Native method use](https://vimeo.com/48576012)\n  - [Testing](https://vimeo.com/45865290)\n  - [CascadiaJS ’12](http://www.youtube.com/watch?v=dpPy4f_SeEk)\n\n A list of other community created podcasts, posts, & videos is available on our [wiki](https://github.com/lodash/lodash/wiki/Resources).\n\n## Support\n\nTested in Chrome 5~31, Firefox 2~25, IE 6-11, Opera 9.25~17, Safari 3-7, Node.js 0.6.21~0.10.22, Narwhal 0.3.2, PhantomJS 1.9.2, RingoJS 0.9, & Rhino 1.7RC5.<br>\nAutomated browser test results [are available](https://saucelabs.com/u/lodash) as well as [Travis CI](https://travis-ci.org/) builds for [lodash](https://travis-ci.org/lodash/lodash/), [lodash-cli](https://travis-ci.org/lodash/lodash-cli/), [lodash-amd](https://travis-ci.org/lodash/lodash-amd/), [lodash-node](https://travis-ci.org/lodash/lodash-node/), & [grunt-lodash](https://travis-ci.org/lodash/grunt-lodash).\n\nSpecial thanks to [Sauce Labs](https://saucelabs.com/) for providing automated browser testing.<br>\n[![Sauce Labs](http://lodash.com/_img/sauce.png)](https://saucelabs.com/ "Sauce Labs: Selenium Testing & More")\n\n## Installation & usage\n\nIn browsers:\n\n```html\n<script src="lodash.js"></script>\n```\n\nUsing [`npm`](http://npmjs.org/):\n\n```bash\nnpm i --save lodash\n\n{sudo} npm i -g lodash\nnpm ln lodash\n```\n\nIn [Node.js](http://nodejs.org/) & [Ringo](http://ringojs.org/):\n\n```js\nvar _ = require(\'lodash\');\n// or as Underscore\nvar _ = require(\'lodash/dist/lodash.underscore\');\n```\n\n**Notes:**\n * Don’t assign values to [special variable](http://nodejs.org/api/repl.html#repl_repl_features) `_` when in the REPL\n * If Lo-Dash is installed globally, run [`npm ln lodash`](http://blog.nodejs.org/2011/03/23/npm-1-0-global-vs-local-installation/) in your project’s root directory *before* requiring it\n\nIn [Rhino](http://www.mozilla.org/rhino/):\n\n```js\nload(\'lodash.js\');\n```\n\nIn an AMD loader:\n\n```js\nrequire({\n  \'packages\': [\n    { \'name\': \'lodash\', \'location\': \'path/to/lodash\', \'main\': \'lodash\' }\n  ]\n},\n[\'lodash\'], function(_) {\n  console.log(_.VERSION);\n});\n```\n\n## Author\n\n| [![twitter/jdalton](http://gravatar.com/avatar/299a3d891ff1920b69c364d061007043?s=70)](https://twitter.com/jdalton "Follow @jdalton on Twitter") |\n|---|\n| [John-David Dalton](http://allyoucanleet.com/) |\n\n## Contributors\n\n| [![twitter/blainebublitz](http://gravatar.com/avatar/ac1c67fd906c9fecd823ce302283b4c1?s=70)](https://twitter.com/blainebublitz "Follow @BlaineBublitz on Twitter") | [![twitter/kitcambridge](http://gravatar.com/avatar/6662a1d02f351b5ef2f8b4d815804661?s=70)](https://twitter.com/kitcambridge "Follow @kitcambridge on Twitter") | [![twitter/mathias](http://gravatar.com/avatar/24e08a9ea84deb17ae121074d0f17125?s=70)](https://twitter.com/mathias "Follow @mathias on Twitter") |\n|---|---|---|\n| [Blaine Bublitz](http://www.iceddev.com/) | [Kit Cambridge](http://kitcambridge.be/) | [Mathias Bynens](http://mathiasbynens.be/) |\n\n[![Bitdeli Badge](https://d2weczhvl823v0.cloudfront.net/lodash/lodash/trend.png)](https://bitdeli.com/free "Bitdeli Badge")\n',
56 silly resolved     readmeFilename: 'README.md',
56 silly resolved     _id: 'lodash@2.4.1',
56 silly resolved     _from: 'lodash@^2.4.1' } ]
57 info install lodash@2.4.1 into /Users/julianbauer/Desktop/HTDOCS/sub2home/client/mobile
58 info installOne lodash@2.4.1
59 info /Users/julianbauer/Desktop/HTDOCS/sub2home/client/mobile/node_modules/lodash unbuild
60 verbose tar unpack /Users/julianbauer/.npm/lodash/2.4.1/package.tgz
61 silly lockFile e0fc2dea-lient-mobile-node-modules-lodash tar:///Users/julianbauer/Desktop/HTDOCS/sub2home/client/mobile/node_modules/lodash
62 verbose lock tar:///Users/julianbauer/Desktop/HTDOCS/sub2home/client/mobile/node_modules/lodash /Users/julianbauer/.npm/e0fc2dea-lient-mobile-node-modules-lodash.lock
63 silly lockFile a0811fb5-uer-npm-lodash-2-4-1-package-tgz tar:///Users/julianbauer/.npm/lodash/2.4.1/package.tgz
64 verbose lock tar:///Users/julianbauer/.npm/lodash/2.4.1/package.tgz /Users/julianbauer/.npm/a0811fb5-uer-npm-lodash-2-4-1-package-tgz.lock
65 silly gunzTarPerm modes [ '755', '644' ]
66 silly gunzTarPerm extractEntry package.json
67 silly gunzTarPerm extractEntry README.md
68 silly gunzTarPerm extractEntry lodash.js
69 silly gunzTarPerm extractEntry LICENSE.txt
70 silly gunzTarPerm extractEntry dist/lodash.compat.js
71 silly gunzTarPerm extractEntry dist/lodash.compat.min.js
72 silly gunzTarPerm extractEntry dist/lodash.js
73 silly gunzTarPerm extractEntry dist/lodash.min.js
74 silly gunzTarPerm extractEntry dist/lodash.underscore.js
75 silly gunzTarPerm extractEntry dist/lodash.underscore.min.js
76 silly lockFile e0fc2dea-lient-mobile-node-modules-lodash tar:///Users/julianbauer/Desktop/HTDOCS/sub2home/client/mobile/node_modules/lodash
77 silly lockFile e0fc2dea-lient-mobile-node-modules-lodash tar:///Users/julianbauer/Desktop/HTDOCS/sub2home/client/mobile/node_modules/lodash
78 silly lockFile a0811fb5-uer-npm-lodash-2-4-1-package-tgz tar:///Users/julianbauer/.npm/lodash/2.4.1/package.tgz
79 silly lockFile a0811fb5-uer-npm-lodash-2-4-1-package-tgz tar:///Users/julianbauer/.npm/lodash/2.4.1/package.tgz
80 info preinstall lodash@2.4.1
81 verbose readDependencies using package.json deps
82 verbose readDependencies using package.json deps
83 silly resolved []
84 verbose about to build /Users/julianbauer/Desktop/HTDOCS/sub2home/client/mobile/node_modules/lodash
85 info build /Users/julianbauer/Desktop/HTDOCS/sub2home/client/mobile/node_modules/lodash
86 verbose linkStuff [ false,
86 verbose linkStuff   false,
86 verbose linkStuff   false,
86 verbose linkStuff   '/Users/julianbauer/Desktop/HTDOCS/sub2home/client/mobile/node_modules' ]
87 info linkStuff lodash@2.4.1
88 verbose linkBins lodash@2.4.1
89 verbose linkMans lodash@2.4.1
90 verbose rebuildBundles lodash@2.4.1
91 info install lodash@2.4.1
92 info postinstall lodash@2.4.1
93 info build /Users/julianbauer/Desktop/HTDOCS/sub2home/client/mobile
94 verbose linkStuff [ false,
94 verbose linkStuff   false,
94 verbose linkStuff   false,
94 verbose linkStuff   '/Users/julianbauer/Desktop/HTDOCS/sub2home/client' ]
95 info linkStuff mobile@0.1.0
96 verbose linkBins mobile@0.1.0
97 verbose linkMans mobile@0.1.0
98 verbose rebuildBundles mobile@0.1.0
99 verbose rebuildBundles [ '.bin',
99 verbose rebuildBundles   'angular',
99 verbose rebuildBundles   'angular-mocks',
99 verbose rebuildBundles   'angular-route',
99 verbose rebuildBundles   'angular-touch',
99 verbose rebuildBundles   'browserify',
99 verbose rebuildBundles   'es6ify',
99 verbose rebuildBundles   'gulp',
99 verbose rebuildBundles   'gulp-angular-templatecache',
99 verbose rebuildBundles   'gulp-concat',
99 verbose rebuildBundles   'gulp-connect',
99 verbose rebuildBundles   'gulp-htmlmin',
99 verbose rebuildBundles   'gulp-jshint',
99 verbose rebuildBundles   'gulp-karma',
99 verbose rebuildBundles   'gulp-less',
99 verbose rebuildBundles   'gulp-minify-css',
99 verbose rebuildBundles   'gulp-rimraf',
99 verbose rebuildBundles   'gulp-uglify',
99 verbose rebuildBundles   'gulp-usemin',
99 verbose rebuildBundles   'gulp-watch',
99 verbose rebuildBundles   'karma',
99 verbose rebuildBundles   'karma-browserify',
99 verbose rebuildBundles   'karma-chrome-launcher',
99 verbose rebuildBundles   'karma-coffee-preprocessor',
99 verbose rebuildBundles   'karma-firefox-launcher',
99 verbose rebuildBundles   'karma-html2js-preprocessor',
99 verbose rebuildBundles   'karma-jasmine',
99 verbose rebuildBundles   'karma-phantomjs-launcher',
99 verbose rebuildBundles   'karma-requirejs',
99 verbose rebuildBundles   'karma-script-launcher',
99 verbose rebuildBundles   'lodash',
99 verbose rebuildBundles   'napa',
99 verbose rebuildBundles   'protractor',
99 verbose rebuildBundles   'requirejs',
99 verbose rebuildBundles   'vinyl-source-stream' ]
100 verbose rebuild bundle /Users/julianbauer/Desktop/HTDOCS/sub2home/client/mobile/node_modules/angular
101 verbose rebuild bundle /Users/julianbauer/Desktop/HTDOCS/sub2home/client/mobile/node_modules/angular-mocks
102 verbose rebuild bundle /Users/julianbauer/Desktop/HTDOCS/sub2home/client/mobile/node_modules/angular-route
103 verbose rebuild bundle /Users/julianbauer/Desktop/HTDOCS/sub2home/client/mobile/node_modules/angular-touch
104 verbose rebuild bundle /Users/julianbauer/Desktop/HTDOCS/sub2home/client/mobile/node_modules/gulp-karma
105 info build /Users/julianbauer/Desktop/HTDOCS/sub2home/client/mobile/node_modules/gulp-karma
106 info preinstall gulp-karma@0.0.2
107 verbose linkStuff [ false,
107 verbose linkStuff   false,
107 verbose linkStuff   false,
107 verbose linkStuff   '/Users/julianbauer/Desktop/HTDOCS/sub2home/client/mobile/node_modules' ]
108 info linkStuff gulp-karma@0.0.2
109 verbose linkBins gulp-karma@0.0.2
110 verbose linkMans gulp-karma@0.0.2
111 verbose rebuildBundles gulp-karma@0.0.2
112 verbose rebuildBundles [ 'event-stream', 'gulp-util', 'optimist', 'xtend' ]
113 info install gulp-karma@0.0.2
114 info postinstall gulp-karma@0.0.2
115 verbose rebuild bundle /Users/julianbauer/Desktop/HTDOCS/sub2home/client/mobile/node_modules/karma-chrome-launcher
116 info build /Users/julianbauer/Desktop/HTDOCS/sub2home/client/mobile/node_modules/karma-chrome-launcher
117 info preinstall karma-chrome-launcher@0.1.3
118 verbose linkStuff [ false,
118 verbose linkStuff   false,
118 verbose linkStuff   false,
118 verbose linkStuff   '/Users/julianbauer/Desktop/HTDOCS/sub2home/client/mobile/node_modules' ]
119 info linkStuff karma-chrome-launcher@0.1.3
120 verbose linkBins karma-chrome-launcher@0.1.3
121 verbose linkMans karma-chrome-launcher@0.1.3
122 verbose rebuildBundles karma-chrome-launcher@0.1.3
123 info install karma-chrome-launcher@0.1.3
124 info postinstall karma-chrome-launcher@0.1.3
125 verbose rebuild bundle /Users/julianbauer/Desktop/HTDOCS/sub2home/client/mobile/node_modules/karma-coffee-preprocessor
126 info build /Users/julianbauer/Desktop/HTDOCS/sub2home/client/mobile/node_modules/karma-coffee-preprocessor
127 info preinstall karma-coffee-preprocessor@0.1.3
128 verbose linkStuff [ false,
128 verbose linkStuff   false,
128 verbose linkStuff   false,
128 verbose linkStuff   '/Users/julianbauer/Desktop/HTDOCS/sub2home/client/mobile/node_modules' ]
129 info linkStuff karma-coffee-preprocessor@0.1.3
130 verbose linkBins karma-coffee-preprocessor@0.1.3
131 verbose linkMans karma-coffee-preprocessor@0.1.3
132 verbose rebuildBundles karma-coffee-preprocessor@0.1.3
133 verbose rebuildBundles [ '.bin', 'coffee-script' ]
134 info install karma-coffee-preprocessor@0.1.3
135 info postinstall karma-coffee-preprocessor@0.1.3
136 verbose rebuild bundle /Users/julianbauer/Desktop/HTDOCS/sub2home/client/mobile/node_modules/karma-firefox-launcher
137 info build /Users/julianbauer/Desktop/HTDOCS/sub2home/client/mobile/node_modules/karma-firefox-launcher
138 info preinstall karma-firefox-launcher@0.1.3
139 verbose linkStuff [ false,
139 verbose linkStuff   false,
139 verbose linkStuff   false,
139 verbose linkStuff   '/Users/julianbauer/Desktop/HTDOCS/sub2home/client/mobile/node_modules' ]
140 info linkStuff karma-firefox-launcher@0.1.3
141 verbose linkBins karma-firefox-launcher@0.1.3
142 verbose linkMans karma-firefox-launcher@0.1.3
143 verbose rebuildBundles karma-firefox-launcher@0.1.3
144 info install karma-firefox-launcher@0.1.3
145 info postinstall karma-firefox-launcher@0.1.3
146 verbose rebuild bundle /Users/julianbauer/Desktop/HTDOCS/sub2home/client/mobile/node_modules/karma-html2js-preprocessor
147 info build /Users/julianbauer/Desktop/HTDOCS/sub2home/client/mobile/node_modules/karma-html2js-preprocessor
148 info preinstall karma-html2js-preprocessor@0.1.0
149 verbose linkStuff [ false,
149 verbose linkStuff   false,
149 verbose linkStuff   false,
149 verbose linkStuff   '/Users/julianbauer/Desktop/HTDOCS/sub2home/client/mobile/node_modules' ]
150 info linkStuff karma-html2js-preprocessor@0.1.0
151 verbose linkBins karma-html2js-preprocessor@0.1.0
152 verbose linkMans karma-html2js-preprocessor@0.1.0
153 verbose rebuildBundles karma-html2js-preprocessor@0.1.0
154 info install karma-html2js-preprocessor@0.1.0
155 info postinstall karma-html2js-preprocessor@0.1.0
156 verbose rebuild bundle /Users/julianbauer/Desktop/HTDOCS/sub2home/client/mobile/node_modules/karma-phantomjs-launcher
157 info build /Users/julianbauer/Desktop/HTDOCS/sub2home/client/mobile/node_modules/karma-phantomjs-launcher
158 info preinstall karma-phantomjs-launcher@0.1.4
159 verbose linkStuff [ false,
159 verbose linkStuff   false,
159 verbose linkStuff   false,
159 verbose linkStuff   '/Users/julianbauer/Desktop/HTDOCS/sub2home/client/mobile/node_modules' ]
160 info linkStuff karma-phantomjs-launcher@0.1.4
161 verbose linkBins karma-phantomjs-launcher@0.1.4
162 verbose linkMans karma-phantomjs-launcher@0.1.4
163 verbose rebuildBundles karma-phantomjs-launcher@0.1.4
164 verbose rebuildBundles [ '.bin', 'phantomjs' ]
165 info install karma-phantomjs-launcher@0.1.4
166 info postinstall karma-phantomjs-launcher@0.1.4
167 verbose rebuild bundle /Users/julianbauer/Desktop/HTDOCS/sub2home/client/mobile/node_modules/karma-requirejs
168 info build /Users/julianbauer/Desktop/HTDOCS/sub2home/client/mobile/node_modules/karma-requirejs
169 info preinstall karma-requirejs@0.2.1
170 verbose linkStuff [ false,
170 verbose linkStuff   false,
170 verbose linkStuff   false,
170 verbose linkStuff   '/Users/julianbauer/Desktop/HTDOCS/sub2home/client/mobile/node_modules' ]
171 info linkStuff karma-requirejs@0.2.1
172 verbose linkBins karma-requirejs@0.2.1
173 verbose linkMans karma-requirejs@0.2.1
174 verbose rebuildBundles karma-requirejs@0.2.1
175 info install karma-requirejs@0.2.1
176 info postinstall karma-requirejs@0.2.1
177 verbose rebuild bundle /Users/julianbauer/Desktop/HTDOCS/sub2home/client/mobile/node_modules/karma-script-launcher
178 info build /Users/julianbauer/Desktop/HTDOCS/sub2home/client/mobile/node_modules/karma-script-launcher
179 info preinstall karma-script-launcher@0.1.0
180 verbose linkStuff [ false,
180 verbose linkStuff   false,
180 verbose linkStuff   false,
180 verbose linkStuff   '/Users/julianbauer/Desktop/HTDOCS/sub2home/client/mobile/node_modules' ]
181 info linkStuff karma-script-launcher@0.1.0
182 verbose linkBins karma-script-launcher@0.1.0
183 verbose linkMans karma-script-launcher@0.1.0
184 verbose rebuildBundles karma-script-launcher@0.1.0
185 info install karma-script-launcher@0.1.0
186 info postinstall karma-script-launcher@0.1.0
187 verbose rebuild bundle /Users/julianbauer/Desktop/HTDOCS/sub2home/client/mobile/node_modules/requirejs
188 info build /Users/julianbauer/Desktop/HTDOCS/sub2home/client/mobile/node_modules/requirejs
189 info preinstall requirejs@2.1.11
190 verbose linkStuff [ false,
190 verbose linkStuff   false,
190 verbose linkStuff   false,
190 verbose linkStuff   '/Users/julianbauer/Desktop/HTDOCS/sub2home/client/mobile/node_modules' ]
191 info linkStuff requirejs@2.1.11
192 verbose linkBins requirejs@2.1.11
193 verbose link bins [ { 'r.js': './bin/r.js' },
193 verbose link bins   '/Users/julianbauer/Desktop/HTDOCS/sub2home/client/mobile/node_modules/.bin',
193 verbose link bins   false ]
194 verbose linkMans requirejs@2.1.11
195 verbose rebuildBundles requirejs@2.1.11
196 info install requirejs@2.1.11
197 info postinstall requirejs@2.1.11
198 info install mobile@0.1.0
199 verbose unsafe-perm in lifecycle true
200 info postinstall mobile@0.1.0
201 info prepublish mobile@0.1.0
202 error peerinvalid The package karma does not satisfy its siblings' peerDependencies requirements!
202 error peerinvalid Peer karma-jasmine@0.2.2 wants karma@>=0.9
202 error peerinvalid Peer karma-browserify@0.2.0 wants karma@>=0.9
202 error peerinvalid Peer karma-chrome-launcher@0.1.3 wants karma@>=0.9.3
202 error peerinvalid Peer karma-firefox-launcher@0.1.3 wants karma@>=0.9
202 error peerinvalid Peer karma-html2js-preprocessor@0.1.0 wants karma@>=0.9
202 error peerinvalid Peer karma-requirejs@0.2.1 wants karma@>=0.9
202 error peerinvalid Peer karma-script-launcher@0.1.0 wants karma@>=0.9
202 error peerinvalid Peer karma-coffee-preprocessor@0.1.3 wants karma@>=0.9
202 error peerinvalid Peer karma-phantomjs-launcher@0.1.4 wants karma@>=0.9
202 error peerinvalid Peer gulp-karma@0.0.2 wants karma@~0.10.9
203 error System Darwin 13.1.0
204 error command "/usr/local/Cellar/node/0.10.24/bin/node" "/usr/local/bin/npm" "install"
205 error cwd /Users/julianbauer/Desktop/HTDOCS/sub2home/client/mobile
206 error node -v v0.10.24
207 error npm -v 1.3.21
208 error code EPEERINVALID
209 verbose exit [ 1, true ]
